<?xml version="1.0" encoding="UTF-8"?>
<testsuite xmlns:xsi="http://www.w3.org/2001/XMLSchema-instance" xsi:noNamespaceSchemaLocation="https://maven.apache.org/surefire/maven-surefire-plugin/xsd/surefire-test-report-3.0.xsd" version="3.0" name="accounts.AccountsDepartmentTest" time="0.129" tests="5" errors="0" skipped="0" failures="0">
  <properties>
    <property name="java.specification.version" value="17"/>
    <property name="sun.cpu.isalist" value="amd64"/>
    <property name="sun.jnu.encoding" value="Cp1252"/>
    <property name="java.class.path" value="C:\Users\hudab\Documents\NetBeansProjects\MagazinePublishingSystem\target\test-classes;C:\Users\hudab\Documents\NetBeansProjects\MagazinePublishingSystem\target\classes;C:\Users\hudab\.m2\repository\org\junit\jupiter\junit-jupiter\5.9.3\junit-jupiter-5.9.3.jar;C:\Users\hudab\.m2\repository\org\junit\jupiter\junit-jupiter-api\5.9.3\junit-jupiter-api-5.9.3.jar;C:\Users\hudab\.m2\repository\org\opentest4j\opentest4j\1.2.0\opentest4j-1.2.0.jar;C:\Users\hudab\.m2\repository\org\junit\platform\junit-platform-commons\1.9.3\junit-platform-commons-1.9.3.jar;C:\Users\hudab\.m2\repository\org\apiguardian\apiguardian-api\1.1.2\apiguardian-api-1.1.2.jar;C:\Users\hudab\.m2\repository\org\junit\jupiter\junit-jupiter-params\5.9.3\junit-jupiter-params-5.9.3.jar;C:\Users\hudab\.m2\repository\org\junit\jupiter\junit-jupiter-engine\5.9.3\junit-jupiter-engine-5.9.3.jar;C:\Users\hudab\.m2\repository\org\junit\platform\junit-platform-engine\1.9.3\junit-platform-engine-1.9.3.jar;C:\Users\hudab\.m2\repository\org\mockito\mockito-core\4.11.0\mockito-core-4.11.0.jar;C:\Users\hudab\.m2\repository\net\bytebuddy\byte-buddy\1.12.19\byte-buddy-1.12.19.jar;C:\Users\hudab\.m2\repository\net\bytebuddy\byte-buddy-agent\1.12.19\byte-buddy-agent-1.12.19.jar;C:\Users\hudab\.m2\repository\org\objenesis\objenesis\3.3\objenesis-3.3.jar;"/>
    <property name="java.vm.vendor" value="Oracle Corporation"/>
    <property name="sun.arch.data.model" value="64"/>
    <property name="user.variant" value=""/>
    <property name="java.vendor.url" value="https://java.oracle.com/"/>
    <property name="user.timezone" value="Asia/Dubai"/>
    <property name="os.name" value="Windows 11"/>
    <property name="java.vm.specification.version" value="17"/>
    <property name="user.country" value="US"/>
    <property name="sun.java.launcher" value="SUN_STANDARD"/>
    <property name="sun.boot.library.path" value="C:\Program Files\Java\jdk-17.0.2\bin"/>
    <property name="sun.java.command" value="C:\Users\hudab\AppData\Local\Temp\surefire13617262180429889771\surefirebooter-20250110020318771_3.jar C:\Users\hudab\AppData\Local\Temp\surefire13617262180429889771 2025-01-10T02-03-18_546-jvmRun1 surefire-20250110020318771_1tmp surefire_0-20250110020318771_2tmp"/>
    <property name="jdk.debug" value="release"/>
    <property name="test" value="accounts.AccountsDepartmentTest"/>
    <property name="surefire.test.class.path" value="C:\Users\hudab\Documents\NetBeansProjects\MagazinePublishingSystem\target\test-classes;C:\Users\hudab\Documents\NetBeansProjects\MagazinePublishingSystem\target\classes;C:\Users\hudab\.m2\repository\org\junit\jupiter\junit-jupiter\5.9.3\junit-jupiter-5.9.3.jar;C:\Users\hudab\.m2\repository\org\junit\jupiter\junit-jupiter-api\5.9.3\junit-jupiter-api-5.9.3.jar;C:\Users\hudab\.m2\repository\org\opentest4j\opentest4j\1.2.0\opentest4j-1.2.0.jar;C:\Users\hudab\.m2\repository\org\junit\platform\junit-platform-commons\1.9.3\junit-platform-commons-1.9.3.jar;C:\Users\hudab\.m2\repository\org\apiguardian\apiguardian-api\1.1.2\apiguardian-api-1.1.2.jar;C:\Users\hudab\.m2\repository\org\junit\jupiter\junit-jupiter-params\5.9.3\junit-jupiter-params-5.9.3.jar;C:\Users\hudab\.m2\repository\org\junit\jupiter\junit-jupiter-engine\5.9.3\junit-jupiter-engine-5.9.3.jar;C:\Users\hudab\.m2\repository\org\junit\platform\junit-platform-engine\1.9.3\junit-platform-engine-1.9.3.jar;C:\Users\hudab\.m2\repository\org\mockito\mockito-core\4.11.0\mockito-core-4.11.0.jar;C:\Users\hudab\.m2\repository\net\bytebuddy\byte-buddy\1.12.19\byte-buddy-1.12.19.jar;C:\Users\hudab\.m2\repository\net\bytebuddy\byte-buddy-agent\1.12.19\byte-buddy-agent-1.12.19.jar;C:\Users\hudab\.m2\repository\org\objenesis\objenesis\3.3\objenesis-3.3.jar;"/>
    <property name="sun.cpu.endian" value="little"/>
    <property name="user.home" value="C:\Users\hudab"/>
    <property name="user.language" value="en"/>
    <property name="java.specification.vendor" value="Oracle Corporation"/>
    <property name="java.version.date" value="2022-01-18"/>
    <property name="java.home" value="C:\Program Files\Java\jdk-17.0.2"/>
    <property name="file.separator" value="\"/>
    <property name="basedir" value="C:\Users\hudab\Documents\NetBeansProjects\MagazinePublishingSystem"/>
    <property name="java.vm.compressedOopsMode" value="Zero based"/>
    <property name="line.separator" value="&#10;"/>
    <property name="java.vm.specification.vendor" value="Oracle Corporation"/>
    <property name="java.specification.name" value="Java Platform API Specification"/>
    <property name="surefire.real.class.path" value="C:\Users\hudab\AppData\Local\Temp\surefire13617262180429889771\surefirebooter-20250110020318771_3.jar"/>
    <property name="user.script" value=""/>
    <property name="sun.management.compiler" value="HotSpot 64-Bit Tiered Compilers"/>
    <property name="java.runtime.version" value="17.0.2+8-LTS-86"/>
    <property name="user.name" value="hudab"/>
    <property name="path.separator" value=";"/>
    <property name="os.version" value="10.0"/>
    <property name="java.runtime.name" value="Java(TM) SE Runtime Environment"/>
    <property name="file.encoding" value="UTF-8"/>
    <property name="java.vm.name" value="Java HotSpot(TM) 64-Bit Server VM"/>
    <property name="maven.ext.class.path" value="C:\Program Files\NetBeans-24\netbeans\java\maven-nblib\netbeans-eventspy.jar"/>
    <property name="localRepository" value="C:\Users\hudab\.m2\repository"/>
    <property name="java.vendor.url.bug" value="https://bugreport.java.com/bugreport/"/>
    <property name="java.io.tmpdir" value="C:\Users\hudab\AppData\Local\Temp\"/>
    <property name="java.version" value="17.0.2"/>
    <property name="user.dir" value="C:\Users\hudab\Documents\NetBeansProjects\MagazinePublishingSystem"/>
    <property name="os.arch" value="amd64"/>
    <property name="java.vm.specification.name" value="Java Virtual Machine Specification"/>
    <property name="sun.os.patch.level" value=""/>
    <property name="native.encoding" value="Cp1252"/>
    <property name="java.library.path" value="C:\Program Files\Java\jdk-17.0.2\bin;C:\WINDOWS\Sun\Java\bin;C:\WINDOWS\system32;C:\WINDOWS;C:\Python311\Scripts\;C:\Python311\;C:\Program Files\Common Files\Oracle\Java\javapath;C:\Program Files (x86)\Common Files\Intel\Shared Libraries\redist\intel64\compiler;C:\WINDOWS\system32;C:\WINDOWS;C:\WINDOWS\System32\Wbem;C:\WINDOWS\System32\WindowsPowerShell\v1.0\;C:\WINDOWS\System32\OpenSSH\;C:\Program Files (x86)\HP\Common\HPDestPlgIn\;C:\Program Files (x86)\dotnet\;C:\ProgramData\chocolatey\bin;C:\Program Files\Microsoft SQL Server\150\Tools\Binn\;C:\Program Files\Microsoft SQL Server\Client SDK\ODBC\170\Tools\Binn\;C:\Program Files\dotnet\;C:\Program Files (x86)\Windows Kits\10\Windows Performance Toolkit\;C:\Program Files\Git\cmd;C:\Program Files\nodejs\;C:\Users\hudab\anaconda3;C:\Users\hudab\anaconda3\Library\mingw-w64\bin;C:\Users\hudab\anaconda3\Library\usr\bin;C:\Users\hudab\anaconda3\Library\bin;C:\Users\hudab\anaconda3\Scripts;C:\Users\hudab\AppData\Local\Microsoft\WindowsApps;C:\Program Files (x86)\HP\Common\HPDestPlgIn\;C:\ProgramData\hudab\atom\bin;C:\Users\hudab\AppData\Local\atom\bin;C:\Program Files\JetBrains\PyCharm Community Edition 2022.1.3\bin;;C:\Users\hudab\AppData\Local\Microsoft\WindowsApps;C:\Users\hudab\AppData\Roaming\cabal\bin;C:\tools\ghc-9.4.4\bin;C:\tools\msys64;C:\Users\hudab\AppData\Local\Programs\Microsoft VS Code\bin;C:\Flutter\src\flutter\bin;C:\Users\hudab\.dotnet\tools;C:\Users\hudab\AppData\Local\Android\Sdk;C:\Users\hudab\AppData\Local\Android\Sdk\platform-tools;C:\Users\hudab\AppData\Roaming\npm;."/>
    <property name="java.vm.info" value="mixed mode, sharing"/>
    <property name="java.vendor" value="Oracle Corporation"/>
    <property name="java.vm.version" value="17.0.2+8-LTS-86"/>
    <property name="sun.io.unicode.encoding" value="UnicodeLittle"/>
    <property name="java.class.version" value="61.0"/>
  </properties>
  <testcase name="testGenerateInvoice" classname="accounts.AccountsDepartmentTest" time="0.067">
    <system-out><![CDATA[Contributor created: John Doe [ID: 1]
Contributor created: Jane Smith [ID: 2]
Issue created: ID 1, Layout: Issue Layout, Status: Draft
Invoice generated for Advertiser ID: 101, Amount: $200.0
]]></system-out>
    <system-err><![CDATA[Jan 10, 2025 2:03:19 AM accounts.AccountsDepartment generateInvoice
WARNING: Invalid Advertiser ID: -1.
Jan 10, 2025 2:03:19 AM accounts.AccountsDepartment generateInvoice
WARNING: Invalid invoice amount: $-100.
]]></system-err>
  </testcase>
  <testcase name="testProcessPayments" classname="accounts.AccountsDepartmentTest" time="0.017">
    <system-out><![CDATA[Contributor created: John Doe [ID: 1]
Contributor created: Jane Smith [ID: 2]
Issue created: ID 1, Layout: Issue Layout, Status: Draft
Contributor created: Jane Doe [ID: 1]
Contributor created: John Smith [ID: 2]
Issue created: ID 1, Layout: Tech Edition, Status: Tech Insights
Contributor added to Issue [ID: 1]
Contributor added to Issue [ID: 1]
Contributor added: Jane Doe
Contributor added: John Smith
Processing payment for Contributor ID: 1 with balance: 100.0
Balance for Contributor ID 1 updated to: 0.0
Payment processed for Contributor ID: 1 on 2025-01-10
Payment of $100.0 processed for Contributor ID: 1
Payment for Contributor ID: 1 is within 30 days of publication.
]]></system-out>
    <system-err><![CDATA[Jan 10, 2025 2:03:19 AM accounts.AccountsDepartment processPayments
WARNING: Invalid balance for Contributor ID: 2. Skipping payment.
]]></system-err>
  </testcase>
  <testcase name="testPaymentWithin30Days" classname="accounts.AccountsDepartmentTest" time="0.003">
    <system-out><![CDATA[Contributor created: John Doe [ID: 1]
Contributor created: Jane Smith [ID: 2]
Issue created: ID 1, Layout: Issue Layout, Status: Draft
Contributor created: John Doe [ID: 1]
Issue created: ID 1, Layout: January Edition, Status: Monthly Tech Insights
Contributor added to Issue [ID: 1]
Contributor added: John Doe
Processing payment for Contributor ID: 1 with balance: 100.0
Balance for Contributor ID 1 updated to: 0.0
Payment processed for Contributor ID: 1 on 2025-01-10
Payment of $100.0 processed for Contributor ID: 1
Payment for Contributor ID: 1 is within 30 days of publication.
All payments processed for Issue ID: 1
Processed
Payment for Contributor ID: 1 is within 30 days of publication.
]]></system-out>
  </testcase>
  <testcase name="testProcessContributorPayment" classname="accounts.AccountsDepartmentTest" time="0.003">
    <system-out><![CDATA[Contributor created: John Doe [ID: 1]
Contributor created: Jane Smith [ID: 2]
Issue created: ID 1, Layout: Issue Layout, Status: Draft
Contributor created: Jane Doe [ID: 1]
Issue created: ID 1, Layout: Tech Edition, Status: Tech Insights
Contributor added to Issue [ID: 1]
Contributor added: Jane Doe
Processing payment for Contributor ID: 1 with balance: 100.0
Balance for Contributor ID 1 updated to: 0.0
Payment processed for Contributor ID: 1 on 2025-01-10
Payment of $100.0 processed for Contributor ID: 1
Payment for Contributor ID: 1 is within 30 days of publication.
All payments processed for Issue ID: 1
]]></system-out>
  </testcase>
  <testcase name="testAddContributor" classname="accounts.AccountsDepartmentTest" time="0.004">
    <system-out><![CDATA[Contributor created: John Doe [ID: 1]
Contributor created: Jane Smith [ID: 2]
Issue created: ID 1, Layout: Issue Layout, Status: Draft
Contributor added: John Doe
]]></system-out>
    <system-err><![CDATA[Jan 10, 2025 2:03:19 AM accounts.AccountsDepartment addContributor
WARNING: Cannot add a null Contributor.
Jan 10, 2025 2:03:19 AM accounts.AccountsDepartment addContributor
WARNING: Contributor with ID 1 already exists.
Jan 10, 2025 2:03:19 AM accounts.AccountsDepartment addContributor
WARNING: Contributor with ID 1 already exists.
]]></system-err>
  </testcase>
</testsuite>